#
# There is insufficient memory for the Java Runtime Environment to continue.
# Native memory allocation (mmap) failed to map 109576192 bytes for committing reserved memory.
# Possible reasons:
#   The system is out of physical RAM or swap space
#   In 32 bit mode, the process size limit was hit
# Possible solutions:
#   Reduce memory load on the system
#   Increase physical memory or swap space
#   Check if swap backing store is full
#   Use 64 bit Java on a 64 bit OS
#   Decrease Java heap size (-Xmx/-Xms)
#   Decrease number of Java threads
#   Decrease Java thread stack sizes (-Xss)
#   Set larger code cache with -XX:ReservedCodeCacheSize=
# This output file may be truncated or incomplete.
#
#  Out of Memory Error (os_linux.cpp:2627), pid=4501, tid=0x00007f0a74bf3700
#
# JRE version: Java(TM) SE Runtime Environment (8.0_101-b13) (build 1.8.0_101-b13)
# Java VM: Java HotSpot(TM) 64-Bit Server VM (25.101-b13 mixed mode linux-amd64 compressed oops)
# Failed to write core dump. Core dumps have been disabled. To enable core dumping, try "ulimit -c unlimited" before starting Java again
#

---------------  T H R E A D  ---------------

Current thread (0x00007f0a8c078000):  VMThread [stack: 0x00007f0a74af3000,0x00007f0a74bf4000] [id=4511]

Stack: [0x00007f0a74af3000,0x00007f0a74bf4000],  sp=0x00007f0a74bf2320,  free space=1020k
Native frames: (J=compiled Java code, j=interpreted, Vv=VM code, C=native code)
V  [libjvm.so+0xac3f0a]  VMError::report_and_die()+0x2ba
V  [libjvm.so+0x4fbf9b]  report_vm_out_of_memory(char const*, int, unsigned long, VMErrorType, char const*)+0x8b
V  [libjvm.so+0x9222d3]  os::Linux::commit_memory_impl(char*, unsigned long, bool)+0x103
V  [libjvm.so+0x922829]  os::pd_commit_memory(char*, unsigned long, unsigned long, bool)+0x29
V  [libjvm.so+0x91cb2a]  os::commit_memory(char*, unsigned long, unsigned long, bool)+0x2a
V  [libjvm.so+0x991053]  PSVirtualSpace::expand_by(unsigned long)+0x53
V  [libjvm.so+0x981920]  PSOldGen::expand(unsigned long)+0x170
V  [libjvm.so+0x981b2b]  PSOldGen::resize(unsigned long)+0x1cb
V  [libjvm.so+0x989821]  PSParallelCompact::invoke_no_policy(bool)+0x991
V  [libjvm.so+0x98f17d]  PSScavenge::invoke()+0x1ad
V  [libjvm.so+0x945fc0]  ParallelScavengeHeap::failed_mem_allocate(unsigned long)+0x70
V  [libjvm.so+0xac5927]  VM_ParallelGCFailedAllocation::doit()+0x97
V  [libjvm.so+0xacd405]  VM_Operation::evaluate()+0x55
V  [libjvm.so+0xacb7da]  VMThread::evaluate_operation(VM_Operation*)+0xba
V  [libjvm.so+0xacbb5e]  VMThread::loop()+0x1ce
V  [libjvm.so+0xacbfd0]  VMThread::run()+0x70
V  [libjvm.so+0x924698]  java_start(Thread*)+0x108

VM_Operation (0x00007f0a5f33ba00): ParallelGCFailedAllocation, mode: safepoint, requested by thread 0x00007f0a8c187000


---------------  P R O C E S S  ---------------

Java Threads: ( => current thread )
  0x00007f0a8c187000 JavaThread "pool-1-thread-1" [_thread_blocked, id=4529, stack(0x00007f0a5f23d000,0x00007f0a5f33e000)]
  0x00007f0a8c0c0000 JavaThread "Service Thread" daemon [_thread_blocked, id=4518, stack(0x00007f0a743ec000,0x00007f0a744ed000)]
  0x00007f0a8c0bd000 JavaThread "C1 CompilerThread2" daemon [_thread_blocked, id=4517, stack(0x00007f0a744ed000,0x00007f0a745ee000)]
  0x00007f0a8c0bb800 JavaThread "C2 CompilerThread1" daemon [_thread_blocked, id=4516, stack(0x00007f0a745ee000,0x00007f0a746ef000)]
  0x00007f0a8c0b8800 JavaThread "C2 CompilerThread0" daemon [_thread_blocked, id=4515, stack(0x00007f0a746ef000,0x00007f0a747f0000)]
  0x00007f0a8c0b7000 JavaThread "Signal Dispatcher" daemon [_thread_blocked, id=4514, stack(0x00007f0a747f0000,0x00007f0a748f1000)]
  0x00007f0a8c084000 JavaThread "Finalizer" daemon [_thread_blocked, id=4513, stack(0x00007f0a748f1000,0x00007f0a749f2000)]
  0x00007f0a8c07f800 JavaThread "Reference Handler" daemon [_thread_blocked, id=4512, stack(0x00007f0a749f2000,0x00007f0a74af3000)]
  0x00007f0a8c00a000 JavaThread "main" [_thread_blocked, id=4506, stack(0x00007f0a931d2000,0x00007f0a932d3000)]

Other Threads:
=>0x00007f0a8c078000 VMThread [stack: 0x00007f0a74af3000,0x00007f0a74bf4000] [id=4511]
  0x00007f0a8c0c3000 WatcherThread [stack: 0x00007f0a742eb000,0x00007f0a743ec000] [id=4519]

VM state:at safepoint (normal execution)

VM Mutex/Monitor currently owned by a thread:  ([mutex/lock_event])
[0x00007f0a8c005ed0] ExpandHeap_lock - owner thread: 0x00007f0a8c078000
[0x00007f0a8c006550] Threads_lock - owner thread: 0x00007f0a8c078000
[0x00007f0a8c006a50] Heap_lock - owner thread: 0x00007f0a8c187000

Heap:
 PSYoungGen      total 286720K, used 16227K [0x00000000eab00000, 0x0000000100000000, 0x0000000100000000)
  eden space 226304K, 0% used [0x00000000eab00000,0x00000000eab00000,0x00000000f8800000)
  from space 60416K, 26% used [0x00000000fc500000,0x00000000fd4d8f78,0x0000000100000000)
  to   space 61440K, 0% used [0x00000000f8800000,0x00000000f8800000,0x00000000fc400000)
 ParOldGen       total 219136K, used 218797K [0x00000000c0000000, 0x00000000cd600000, 0x00000000eab00000)
  object space 219136K, 99% used [0x00000000c0000000,0x00000000cd5ab6c0,0x00000000cd600000)
 Metaspace       used 6640K, capacity 7320K, committed 7680K, reserved 1056768K
  class space    used 621K, capacity 656K, committed 768K, reserved 1048576K

Card table byte_map: [0x00007f0a90138000,0x00007f0a90339000] byte_map_base: 0x00007f0a8fb38000

Marking Bits: (ParMarkBitMap*) 0x00007f0a926a1120
 Begin Bits: [0x00007f0a76000000, 0x00007f0a77000000)
 End Bits:   [0x00007f0a77000000, 0x00007f0a78000000)

Polling page: 0x00007f0a932f0000

CodeCache: size=245760Kb used=11423Kb max_used=11435Kb free=234336Kb
 bounds [0x00007f0a7d000000, 0x00007f0a7db40000, 0x00007f0a8c000000]
 total_blobs=2844 nmethods=2574 adapters=182
 compilation: enabled

Compilation events (10 events):
Event: 20.580 Thread 0x00007f0a8c0bd000 2773       2       java.util.ComparableTimSort::gallopRight (327 bytes)
Event: 20.582 Thread 0x00007f0a8c0bd000 nmethod 2773 0x00007f0a7db21d90 code [0x00007f0a7db21f60, 0x00007f0a7db22538]
Event: 20.584 Thread 0x00007f0a8c0bd000 2774       2       java.util.ComparableTimSort::gallopLeft (327 bytes)
Event: 20.585 Thread 0x00007f0a8c0bd000 nmethod 2774 0x00007f0a7db211d0 code [0x00007f0a7db213a0, 0x00007f0a7db21938]
Event: 20.591 Thread 0x00007f0a8c0bd000 2775       3       com.android.dx.dex.file.ClassDataItem::addContents (207 bytes)
Event: 20.594 Thread 0x00007f0a8c0bd000 nmethod 2775 0x00007f0a7db27a50 code [0x00007f0a7db27e60, 0x00007f0a7db2a618]
Event: 20.594 Thread 0x00007f0a8c0bd000 2776       2       java.util.ComparableTimSort::mergeCollapse (101 bytes)
Event: 20.595 Thread 0x00007f0a8c0bd000 nmethod 2776 0x00007f0a7db20a90 code [0x00007f0a7db20c20, 0x00007f0a7db20ef8]
Event: 20.602 Thread 0x00007f0a8c0bd000 2777       2       com.android.dx.dex.file.AnnotationSetItem::itemType (4 bytes)
Event: 20.602 Thread 0x00007f0a8c0bd000 nmethod 2777 0x00007f0a7db14710 code [0x00007f0a7db14860, 0x00007f0a7db149b0]

GC Heap History (10 events):
Event: 7.541 GC heap after
Heap after GC invocations=15 (full 2):
 PSYoungGen      total 272384K, used 35804K [0x00000000eab00000, 0x0000000100000000, 0x0000000100000000)
  eden space 236032K, 0% used [0x00000000eab00000,0x00000000eab00000,0x00000000f9180000)
  from space 36352K, 98% used [0x00000000f9180000,0x00000000fb4773f8,0x00000000fb500000)
  to   space 42496K, 0% used [0x00000000fd680000,0x00000000fd680000,0x0000000100000000)
 ParOldGen       total 138240K, used 103182K [0x00000000c0000000, 0x00000000c8700000, 0x00000000eab00000)
  object space 138240K, 74% used [0x00000000c0000000,0x00000000c64c3ad0,0x00000000c8700000)
 Metaspace       used 6551K, capacity 7320K, committed 7680K, reserved 1056768K
  class space    used 615K, capacity 656K, committed 768K, reserved 1048576K
}
Event: 8.643 GC heap before
{Heap before GC invocations=16 (full 2):
 PSYoungGen      total 272384K, used 271836K [0x00000000eab00000, 0x0000000100000000, 0x0000000100000000)
  eden space 236032K, 100% used [0x00000000eab00000,0x00000000f9180000,0x00000000f9180000)
  from space 36352K, 98% used [0x00000000f9180000,0x00000000fb4773f8,0x00000000fb500000)
  to   space 42496K, 0% used [0x00000000fd680000,0x00000000fd680000,0x0000000100000000)
 ParOldGen       total 138240K, used 103182K [0x00000000c0000000, 0x00000000c8700000, 0x00000000eab00000)
  object space 138240K, 74% used [0x00000000c0000000,0x00000000c64c3ad0,0x00000000c8700000)
 Metaspace       used 6558K, capacity 7320K, committed 7680K, reserved 1056768K
  class space    used 615K, capacity 656K, committed 768K, reserved 1048576K
Event: 11.054 GC heap after
Heap after GC invocations=16 (full 2):
 PSYoungGen      total 271872K, used 42494K [0x00000000eab00000, 0x0000000100000000, 0x0000000100000000)
  eden space 229376K, 0% used [0x00000000eab00000,0x00000000eab00000,0x00000000f8b00000)
  from space 42496K, 99% used [0x00000000fd680000,0x00000000fffffaf8,0x0000000100000000)
  to   space 59904K, 0% used [0x00000000f8b00000,0x00000000f8b00000,0x00000000fc580000)
 ParOldGen       total 138240K, used 130240K [0x00000000c0000000, 0x00000000c8700000, 0x00000000eab00000)
  object space 138240K, 94% used [0x00000000c0000000,0x00000000c7f30200,0x00000000c8700000)
 Metaspace       used 6558K, capacity 7320K, committed 7680K, reserved 1056768K
  class space    used 615K, capacity 656K, committed 768K, reserved 1048576K
}
Event: 11.054 GC heap before
{Heap before GC invocations=17 (full 3):
 PSYoungGen      total 271872K, used 42494K [0x00000000eab00000, 0x0000000100000000, 0x0000000100000000)
  eden space 229376K, 0% used [0x00000000eab00000,0x00000000eab00000,0x00000000f8b00000)
  from space 42496K, 99% used [0x00000000fd680000,0x00000000fffffaf8,0x0000000100000000)
  to   space 59904K, 0% used [0x00000000f8b00000,0x00000000f8b00000,0x00000000fc580000)
 ParOldGen       total 138240K, used 130240K [0x00000000c0000000, 0x00000000c8700000, 0x00000000eab00000)
  object space 138240K, 94% used [0x00000000c0000000,0x00000000c7f30200,0x00000000c8700000)
 Metaspace       used 6558K, capacity 7320K, committed 7680K, reserved 1056768K
  class space    used 615K, capacity 656K, committed 768K, reserved 1048576K
Event: 12.756 GC heap after
Heap after GC invocations=17 (full 3):
 PSYoungGen      total 271872K, used 33164K [0x00000000eab00000, 0x0000000100000000, 0x0000000100000000)
  eden space 229376K, 0% used [0x00000000eab00000,0x00000000eab00000,0x00000000f8b00000)
  from space 42496K, 78% used [0x00000000fd680000,0x00000000ff6e30f8,0x0000000100000000)
  to   space 59904K, 0% used [0x00000000f8b00000,0x00000000f8b00000,0x00000000fc580000)
 ParOldGen       total 219136K, used 138148K [0x00000000c0000000, 0x00000000cd600000, 0x00000000eab00000)
  object space 219136K, 63% used [0x00000000c0000000,0x00000000c86e9270,0x00000000cd600000)
 Metaspace       used 6558K, capacity 7320K, committed 7680K, reserved 1056768K
  class space    used 615K, capacity 656K, committed 768K, reserved 1048576K
}
Event: 13.517 GC heap before
{Heap before GC invocations=18 (full 3):
 PSYoungGen      total 271872K, used 262540K [0x00000000eab00000, 0x0000000100000000, 0x0000000100000000)
  eden space 229376K, 100% used [0x00000000eab00000,0x00000000f8b00000,0x00000000f8b00000)
  from space 42496K, 78% used [0x00000000fd680000,0x00000000ff6e30f8,0x0000000100000000)
  to   space 59904K, 0% used [0x00000000f8b00000,0x00000000f8b00000,0x00000000fc580000)
 ParOldGen       total 219136K, used 138148K [0x00000000c0000000, 0x00000000cd600000, 0x00000000eab00000)
  object space 219136K, 63% used [0x00000000c0000000,0x00000000c86e9270,0x00000000cd600000)
 Metaspace       used 6559K, capacity 7320K, committed 7680K, reserved 1056768K
  class space    used 615K, capacity 656K, committed 768K, reserved 1048576K
Event: 17.820 GC heap after
Heap after GC invocations=18 (full 3):
 PSYoungGen      total 263680K, used 34197K [0x00000000eab00000, 0x0000000100000000, 0x0000000100000000)
  eden space 229376K, 0% used [0x00000000eab00000,0x00000000eab00000,0x00000000f8b00000)
  from space 34304K, 99% used [0x00000000f8b00000,0x00000000fac657c8,0x00000000fac80000)
  to   space 60416K, 0% used [0x00000000fc500000,0x00000000fc500000,0x0000000100000000)
 ParOldGen       total 219136K, used 171306K [0x00000000c0000000, 0x00000000cd600000, 0x00000000eab00000)
  object space 219136K, 78% used [0x00000000c0000000,0x00000000ca74a870,0x00000000cd600000)
 Metaspace       used 6559K, capacity 7320K, committed 7680K, reserved 1056768K
  class space    used 615K, capacity 656K, committed 768K, reserved 1048576K
}
Event: 20.602 GC heap before
{Heap before GC invocations=19 (full 3):
 PSYoungGen      total 263680K, used 263573K [0x00000000eab00000, 0x0000000100000000, 0x0000000100000000)
  eden space 229376K, 100% used [0x00000000eab00000,0x00000000f8b00000,0x00000000f8b00000)
  from space 34304K, 99% used [0x00000000f8b00000,0x00000000fac657c8,0x00000000fac80000)
  to   space 60416K, 0% used [0x00000000fc500000,0x00000000fc500000,0x0000000100000000)
 ParOldGen       total 219136K, used 171306K [0x00000000c0000000, 0x00000000cd600000, 0x00000000eab00000)
  object space 219136K, 78% used [0x00000000c0000000,0x00000000ca74a870,0x00000000cd600000)
 Metaspace       used 6640K, capacity 7320K, committed 7680K, reserved 1056768K
  class space    used 621K, capacity 656K, committed 768K, reserved 1048576K
Event: 20.738 GC heap after
Heap after GC invocations=19 (full 3):
 PSYoungGen      total 286720K, used 34334K [0x00000000eab00000, 0x0000000100000000, 0x0000000100000000)
  eden space 226304K, 0% used [0x00000000eab00000,0x00000000eab00000,0x00000000f8800000)
  from space 60416K, 56% used [0x00000000fc500000,0x00000000fe687bc8,0x0000000100000000)
  to   space 61440K, 0% used [0x00000000f8800000,0x00000000f8800000,0x00000000fc400000)
 ParOldGen       total 219136K, used 204328K [0x00000000c0000000, 0x00000000cd600000, 0x00000000eab00000)
  object space 219136K, 93% used [0x00000000c0000000,0x00000000cc78a0c0,0x00000000cd600000)
 Metaspace       used 6640K, capacity 7320K, committed 7680K, reserved 1056768K
  class space    used 621K, capacity 656K, committed 768K, reserved 1048576K
}
Event: 20.903 GC heap before
{Heap before GC invocations=20 (full 4):
 PSYoungGen      total 286720K, used 34334K [0x00000000eab00000, 0x0000000100000000, 0x0000000100000000)
  eden space 226304K, 0% used [0x00000000eab00000,0x00000000eab00000,0x00000000f8800000)
  from space 60416K, 56% used [0x00000000fc500000,0x00000000fe687bc8,0x0000000100000000)
  to   space 61440K, 0% used [0x00000000f8800000,0x00000000f8800000,0x00000000fc400000)
 ParOldGen       total 219136K, used 204328K [0x00000000c0000000, 0x00000000cd600000, 0x00000000eab00000)
  object space 219136K, 93% used [0x00000000c0000000,0x00000000cc78a0c0,0x00000000cd600000)
 Metaspace       used 6640K, capacity 7320K, committed 7680K, reserved 1056768K
  class space    used 621K, capacity 656K, committed 768K, reserved 1048576K

Deoptimization events (10 events):
Event: 12.899 Thread 0x00007f0a8c183800 Uncommon trap: reason=unstable_if action=reinterpret pc=0x00007f0a7d95d4a8 method=com.android.dx.cf.code.BaseMachine.getLocalTarget(Z)Lcom/android/dx/rop/code/RegisterSpec; @ 131
Event: 13.082 Thread 0x00007f0a8c187000 Uncommon trap: reason=unstable_if action=reinterpret pc=0x00007f0a7d9509f0 method=com.android.dx.ssa.SsaMethod.deleteInsns(Ljava/util/Set;)V @ 130
Event: 18.674 Thread 0x00007f0a8c187000 Uncommon trap: reason=unstable_if action=reinterpret pc=0x00007f0a7d9e8248 method=com.android.dx.cf.code.Ropper.isSynchronized()Z @ 12
Event: 18.935 Thread 0x00007f0a8c187000 Uncommon trap: reason=unstable_if action=reinterpret pc=0x00007f0a7da32c78 method=com.android.dx.ssa.back.FirstFitLocalCombiningAllocator.getAlignment(I)Lcom/android/dx/ssa/back/FirstFitLocalCombiningAllocator$Alignment; @ 6
Event: 19.865 Thread 0x00007f0a8c18a800 Uncommon trap: reason=unstable_if action=reinterpret pc=0x00007f0a7da905a4 method=com.android.dx.ssa.SsaMethod.blockIndexToRopLabel(I)I @ 1
Event: 20.449 Thread 0x00007f0a8c187000 Uncommon trap: reason=class_check action=maybe_recompile pc=0x00007f0a7d4bf8bc method=java.util.Arrays.hashCode([Ljava/lang/Object;)I @ 43
Event: 20.449 Thread 0x00007f0a8c187000 Uncommon trap: reason=class_check action=maybe_recompile pc=0x00007f0a7d4bf8bc method=java.util.Arrays.hashCode([Ljava/lang/Object;)I @ 43
Event: 20.449 Thread 0x00007f0a8c187000 Uncommon trap: reason=class_check action=maybe_recompile pc=0x00007f0a7d4bf8bc method=java.util.Arrays.hashCode([Ljava/lang/Object;)I @ 43
Event: 20.449 Thread 0x00007f0a8c187000 Uncommon trap: reason=class_check action=maybe_recompile pc=0x00007f0a7d4bf8bc method=java.util.Arrays.hashCode([Ljava/lang/Object;)I @ 43
Event: 20.449 Thread 0x00007f0a8c187000 Uncommon trap: reason=class_check action=maybe_recompile pc=0x00007f0a7d461eb4 method=java.util.Arrays.hashCode([Ljava/lang/Object;)I @ 43

Internal exceptions (6 events):
Event: 0.077 Thread 0x00007f0a8c00a000 Exception <a 'java/lang/NoSuchMethodError': Method sun.misc.Unsafe.defineClass(Ljava/lang/String;[BII)Ljava/lang/Class; name or signature does not match> (0x00000000eab07cc0) thrown at [/HUDSON3/workspace/8-2-build-linux-amd64/jdk8u101/7261/hotspot/src/sh
Event: 0.077 Thread 0x00007f0a8c00a000 Exception <a 'java/lang/NoSuchMethodError': Method sun.misc.Unsafe.prefetchRead(Ljava/lang/Object;J)V name or signature does not match> (0x00000000eab07fa8) thrown at [/HUDSON3/workspace/8-2-build-linux-amd64/jdk8u101/7261/hotspot/src/share/vm/prims/jni.c
Event: 1.176 Thread 0x00007f0a8c189000 Implicit null exception at 0x00007f0a7d2e302c to 0x00007f0a7d2e62c1
Event: 2.006 Thread 0x00007f0a8c183800 Exception <a 'java/lang/ArrayIndexOutOfBoundsException': 18> (0x00000000eb68b0d0) thrown at [/HUDSON3/workspace/8-2-build-linux-amd64/jdk8u101/7261/hotspot/src/share/vm/interpreter/interpreterRuntime.cpp, line 366]
Event: 2.006 Thread 0x00007f0a8c183800 Exception <a 'java/lang/ArrayIndexOutOfBoundsException': 145> (0x00000000eb68cc50) thrown at [/HUDSON3/workspace/8-2-build-linux-amd64/jdk8u101/7261/hotspot/src/share/vm/interpreter/interpreterRuntime.cpp, line 366]
Event: 2.007 Thread 0x00007f0a8c183800 Exception <a 'java/lang/ArrayIndexOutOfBoundsException'> (0x00000000eb68df38) thrown at [/HUDSON3/workspace/8-2-build-linux-amd64/jdk8u101/7261/hotspot/src/share/vm/runtime/sharedRuntime.cpp, line 605]

Events (10 events):
Event: 20.449 Thread 0x00007f0a8c187000 DEOPT PACKING pc=0x00007f0a7d4bf8bc sp=0x00007f0a5f33bc20
Event: 20.449 Thread 0x00007f0a8c187000 DEOPT UNPACKING pc=0x00007f0a7d005229 sp=0x00007f0a5f33bb70 mode 2
Event: 20.449 Thread 0x00007f0a8c187000 Uncommon trap: trap_request=0xffffffde fr.pc=0x00007f0a7d461eb4
Event: 20.449 Thread 0x00007f0a8c187000 DEOPT PACKING pc=0x00007f0a7d461eb4 sp=0x00007f0a5f33bbd0
Event: 20.449 Thread 0x00007f0a8c187000 DEOPT UNPACKING pc=0x00007f0a7d005229 sp=0x00007f0a5f33bb78 mode 2
Event: 20.451 loading class com/android/dx/rop/cst/Zeroes
Event: 20.451 loading class com/android/dx/rop/cst/Zeroes done
Event: 20.567 Thread 0x00007f0a8c187000 DEOPT PACKING pc=0x00007f0a7db11e52 sp=0x00007f0a5f33be90
Event: 20.567 Thread 0x00007f0a8c187000 DEOPT UNPACKING pc=0x00007f0a7d047633 sp=0x00007f0a5f33bbd0 mode 0
Event: 20.602 Executing VM operation: ParallelGCFailedAllocation


Dynamic libraries:
00400000-00401000 r-xp 00000000 08:08 3283487                            /usr/lib/jvm/java-8-oracle/bin/java
00600000-00601000 rw-p 00000000 08:08 3283487                            /usr/lib/jvm/java-8-oracle/bin/java
01da2000-01dc3000 rw-p 00000000 00:00 0                                  [heap]
c0000000-cd600000 rw-p 00000000 00:00 0 
d3e80000-eab00000 ---p 00000000 00:00 0 
eab00000-100000000 rw-p 00000000 00:00 0 
100000000-1000c0000 rw-p 00000000 00:00 0 
1000c0000-140000000 ---p 00000000 00:00 0 
7f0a24000000-7f0a24021000 rw-p 00000000 00:00 0 
7f0a24021000-7f0a28000000 ---p 00000000 00:00 0 
7f0a2c000000-7f0a2c029000 rw-p 00000000 00:00 0 
7f0a2c029000-7f0a30000000 ---p 00000000 00:00 0 
7f0a30000000-7f0a30037000 rw-p 00000000 00:00 0 
7f0a30037000-7f0a34000000 ---p 00000000 00:00 0 
7f0a34000000-7f0a34021000 rw-p 00000000 00:00 0 
7f0a34021000-7f0a38000000 ---p 00000000 00:00 0 
7f0a38000000-7f0a3803d000 rw-p 00000000 00:00 0 
7f0a3803d000-7f0a3c000000 ---p 00000000 00:00 0 
7f0a3c000000-7f0a3c021000 rw-p 00000000 00:00 0 
7f0a3c021000-7f0a40000000 ---p 00000000 00:00 0 
7f0a40000000-7f0a4004e000 rw-p 00000000 00:00 0 
7f0a4004e000-7f0a44000000 ---p 00000000 00:00 0 
7f0a44000000-7f0a44ba2000 rw-p 00000000 00:00 0 
7f0a44ba2000-7f0a48000000 ---p 00000000 00:00 0 
7f0a48000000-7f0a48021000 rw-p 00000000 00:00 0 
7f0a48021000-7f0a4c000000 ---p 00000000 00:00 0 
7f0a4c000000-7f0a4ce01000 rw-p 00000000 00:00 0 
7f0a4ce01000-7f0a50000000 ---p 00000000 00:00 0 
7f0a50000000-7f0a5121b000 rw-p 00000000 00:00 0 
7f0a5121b000-7f0a54000000 ---p 00000000 00:00 0 
7f0a54000000-7f0a54021000 rw-p 00000000 00:00 0 
7f0a54021000-7f0a58000000 ---p 00000000 00:00 0 
7f0a58000000-7f0a58021000 rw-p 00000000 00:00 0 
7f0a58021000-7f0a5c000000 ---p 00000000 00:00 0 
7f0a5f23d000-7f0a5f240000 ---p 00000000 00:00 0 
7f0a5f240000-7f0a5f33e000 rw-p 00000000 00:00 0 
7f0a5f33e000-7f0a5f341000 ---p 00000000 00:00 0 
7f0a5f341000-7f0a5f43f000 rw-p 00000000 00:00 0 
7f0a5f43f000-7f0a5f442000 ---p 00000000 00:00 0 
7f0a5f442000-7f0a5f540000 rw-p 00000000 00:00 0 
7f0a5f540000-7f0a5f543000 ---p 00000000 00:00 0 
7f0a5f543000-7f0a5f641000 rw-p 00000000 00:00 0 
7f0a5f641000-7f0a60000000 r--p 00000000 08:08 3022070                    /usr/lib/locale/locale-archive
7f0a60000000-7f0a60298000 rw-p 00000000 00:00 0 
7f0a60298000-7f0a64000000 ---p 00000000 00:00 0 
7f0a64000000-7f0a64021000 rw-p 00000000 00:00 0 
7f0a64021000-7f0a68000000 ---p 00000000 00:00 0 
7f0a68000000-7f0a68021000 rw-p 00000000 00:00 0 
7f0a68021000-7f0a6c000000 ---p 00000000 00:00 0 
7f0a6c000000-7f0a6c021000 rw-p 00000000 00:00 0 
7f0a6c021000-7f0a70000000 ---p 00000000 00:00 0 
7f0a70000000-7f0a70021000 rw-p 00000000 00:00 0 
7f0a70021000-7f0a74000000 ---p 00000000 00:00 0 
7f0a740a2000-7f0a740a5000 ---p 00000000 00:00 0 
7f0a740a5000-7f0a741a3000 rw-p 00000000 00:00 0 
7f0a741a3000-7f0a741a6000 ---p 00000000 00:00 0 
7f0a741a6000-7f0a742a4000 rw-p 00000000 00:00 0 
7f0a742eb000-7f0a742ec000 ---p 00000000 00:00 0 
7f0a742ec000-7f0a743ec000 rw-p 00000000 00:00 0 
7f0a743ec000-7f0a743ef000 ---p 00000000 00:00 0 
7f0a743ef000-7f0a744ed000 rw-p 00000000 00:00 0 
7f0a744ed000-7f0a744f0000 ---p 00000000 00:00 0 
7f0a744f0000-7f0a745ee000 rw-p 00000000 00:00 0 
7f0a745ee000-7f0a745f1000 ---p 00000000 00:00 0 
7f0a745f1000-7f0a746ef000 rw-p 00000000 00:00 0 
7f0a746ef000-7f0a746f2000 ---p 00000000 00:00 0 
7f0a746f2000-7f0a747f0000 rw-p 00000000 00:00 0 
7f0a747f0000-7f0a747f3000 ---p 00000000 00:00 0 
7f0a747f3000-7f0a748f1000 rw-p 00000000 00:00 0 
7f0a748f1000-7f0a748f4000 ---p 00000000 00:00 0 
7f0a748f4000-7f0a749f2000 rw-p 00000000 00:00 0 
7f0a749f2000-7f0a749f5000 ---p 00000000 00:00 0 
7f0a749f5000-7f0a74af3000 rw-p 00000000 00:00 0 
7f0a74af3000-7f0a74af4000 ---p 00000000 00:00 0 
7f0a74af4000-7f0a75ec0000 rw-p 00000000 00:00 0 
7f0a75ec0000-7f0a76000000 ---p 00000000 00:00 0 
7f0a76000000-7f0a78000000 rw-p 00000000 00:00 0 
7f0a78000000-7f0a78021000 rw-p 00000000 00:00 0 
7f0a78021000-7f0a7c000000 ---p 00000000 00:00 0 
7f0a7c004000-7f0a7c398000 rw-p 00000000 00:00 0 
7f0a7c398000-7f0a7c571000 r--s 03d29000 08:08 3283558                    /usr/lib/jvm/java-8-oracle/jre/lib/rt.jar
7f0a7c571000-7f0a7c7e7000 rw-p 00000000 00:00 0 
7f0a7c7e7000-7f0a7c7e8000 ---p 00000000 00:00 0 
7f0a7c7e8000-7f0a7c8e8000 rw-p 00000000 00:00 0 
7f0a7c8e8000-7f0a7c8e9000 ---p 00000000 00:00 0 
7f0a7c8e9000-7f0a7c9e9000 rw-p 00000000 00:00 0 
7f0a7c9e9000-7f0a7c9ea000 ---p 00000000 00:00 0 
7f0a7c9ea000-7f0a7cb55000 rw-p 00000000 00:00 0 
7f0a7cb55000-7f0a7cc40000 ---p 00000000 00:00 0 
7f0a7cc40000-7f0a7cc6d000 rw-p 00000000 00:00 0 
7f0a7cc6d000-7f0a7d000000 ---p 00000000 00:00 0 
7f0a7d000000-7f0a7db40000 rwxp 00000000 00:00 0 
7f0a7db40000-7f0a8c000000 ---p 00000000 00:00 0 
7f0a8c000000-7f0a8c3b0000 rw-p 00000000 00:00 0 
7f0a8c3b0000-7f0a90000000 ---p 00000000 00:00 0 
7f0a90016000-7f0a90037000 rw-p 00000000 00:00 0 
7f0a90037000-7f0a90038000 ---p 00000000 00:00 0 
7f0a90038000-7f0a901a3000 rw-p 00000000 00:00 0 
7f0a901a3000-7f0a9028d000 ---p 00000000 00:00 0 
7f0a9028d000-7f0a90338000 rw-p 00000000 00:00 0 
7f0a90338000-7f0a90339000 rw-p 00000000 00:00 0 
7f0a90339000-7f0a90353000 r-xp 00000000 08:08 3283587                    /usr/lib/jvm/java-8-oracle/jre/lib/amd64/libzip.so
7f0a90353000-7f0a90553000 ---p 0001a000 08:08 3283587                    /usr/lib/jvm/java-8-oracle/jre/lib/amd64/libzip.so
7f0a90553000-7f0a90554000 rw-p 0001a000 08:08 3283587                    /usr/lib/jvm/java-8-oracle/jre/lib/amd64/libzip.so
7f0a90554000-7f0a9055f000 r-xp 00000000 08:08 1970776                    /lib/x86_64-linux-gnu/libnss_files-2.23.so
7f0a9055f000-7f0a9075e000 ---p 0000b000 08:08 1970776                    /lib/x86_64-linux-gnu/libnss_files-2.23.so
7f0a9075e000-7f0a9075f000 r--p 0000a000 08:08 1970776                    /lib/x86_64-linux-gnu/libnss_files-2.23.so
7f0a9075f000-7f0a90760000 rw-p 0000b000 08:08 1970776                    /lib/x86_64-linux-gnu/libnss_files-2.23.so
7f0a90760000-7f0a90766000 rw-p 00000000 00:00 0 
7f0a90766000-7f0a90771000 r-xp 00000000 08:08 1970786                    /lib/x86_64-linux-gnu/libnss_nis-2.23.so
7f0a90771000-7f0a90970000 ---p 0000b000 08:08 1970786                    /lib/x86_64-linux-gnu/libnss_nis-2.23.so
7f0a90970000-7f0a90971000 r--p 0000a000 08:08 1970786                    /lib/x86_64-linux-gnu/libnss_nis-2.23.so
7f0a90971000-7f0a90972000 rw-p 0000b000 08:08 1970786                    /lib/x86_64-linux-gnu/libnss_nis-2.23.so
7f0a90972000-7f0a90988000 r-xp 00000000 08:08 1970770                    /lib/x86_64-linux-gnu/libnsl-2.23.so
7f0a90988000-7f0a90b87000 ---p 00016000 08:08 1970770                    /lib/x86_64-linux-gnu/libnsl-2.23.so
7f0a90b87000-7f0a90b88000 r--p 00015000 08:08 1970770                    /lib/x86_64-linux-gnu/libnsl-2.23.so
7f0a90b88000-7f0a90b89000 rw-p 00016000 08:08 1970770                    /lib/x86_64-linux-gnu/libnsl-2.23.so
7f0a90b89000-7f0a90b8b000 rw-p 00000000 00:00 0 
7f0a90b8b000-7f0a90b93000 r-xp 00000000 08:08 1970772                    /lib/x86_64-linux-gnu/libnss_compat-2.23.so
7f0a90b93000-7f0a90d92000 ---p 00008000 08:08 1970772                    /lib/x86_64-linux-gnu/libnss_compat-2.23.so
7f0a90d92000-7f0a90d93000 r--p 00007000 08:08 1970772                    /lib/x86_64-linux-gnu/libnss_compat-2.23.so
7f0a90d93000-7f0a90d94000 rw-p 00008000 08:08 1970772                    /lib/x86_64-linux-gnu/libnss_compat-2.23.so
7f0a90d94000-7f0a90dbe000 r-xp 00000000 08:08 3283611                    /usr/lib/jvm/java-8-oracle/jre/lib/amd64/libjava.so
7f0a90dbe000-7f0a90fbe000 ---p 0002a000 08:08 3283611                    /usr/lib/jvm/java-8-oracle/jre/lib/amd64/libjava.so
7f0a90fbe000-7f0a90fc0000 rw-p 0002a000 08:08 3283611                    /usr/lib/jvm/java-8-oracle/jre/lib/amd64/libjava.so
7f0a90fc0000-7f0a90fcd000 r-xp 00000000 08:08 3283567                    /usr/lib/jvm/java-8-oracle/jre/lib/amd64/libverify.so
7f0a90fcd000-7f0a911cd000 ---p 0000d000 08:08 3283567                    /usr/lib/jvm/java-8-oracle/jre/lib/amd64/libverify.so
7f0a911cd000-7f0a911cf000 rw-p 0000d000 08:08 3283567                    /usr/lib/jvm/java-8-oracle/jre/lib/amd64/libverify.so
7f0a911cf000-7f0a911d6000 r-xp 00000000 08:08 1970831                    /lib/x86_64-linux-gnu/librt-2.23.so
7f0a911d6000-7f0a913d5000 ---p 00007000 08:08 1970831                    /lib/x86_64-linux-gnu/librt-2.23.so
7f0a913d5000-7f0a913d6000 r--p 00006000 08:08 1970831                    /lib/x86_64-linux-gnu/librt-2.23.so
7f0a913d6000-7f0a913d7000 rw-p 00007000 08:08 1970831                    /lib/x86_64-linux-gnu/librt-2.23.so
7f0a913d7000-7f0a914df000 r-xp 00000000 08:08 1970747                    /lib/x86_64-linux-gnu/libm-2.23.so
7f0a914df000-7f0a916de000 ---p 00108000 08:08 1970747                    /lib/x86_64-linux-gnu/libm-2.23.so
7f0a916de000-7f0a916df000 r--p 00107000 08:08 1970747                    /lib/x86_64-linux-gnu/libm-2.23.so
7f0a916df000-7f0a916e0000 rw-p 00108000 08:08 1970747                    /lib/x86_64-linux-gnu/libm-2.23.so
7f0a916e0000-7f0a923ab000 r-xp 00000000 08:08 3283623                    /usr/lib/jvm/java-8-oracle/jre/lib/amd64/server/libjvm.so
7f0a923ab000-7f0a925aa000 ---p 00ccb000 08:08 3283623                    /usr/lib/jvm/java-8-oracle/jre/lib/amd64/server/libjvm.so
7f0a925aa000-7f0a92683000 rw-p 00cca000 08:08 3283623                    /usr/lib/jvm/java-8-oracle/jre/lib/amd64/server/libjvm.so
7f0a92683000-7f0a926ce000 rw-p 00000000 00:00 0 
7f0a926ce000-7f0a9288e000 r-xp 00000000 08:08 1970677                    /lib/x86_64-linux-gnu/libc-2.23.so
7f0a9288e000-7f0a92a8d000 ---p 001c0000 08:08 1970677                    /lib/x86_64-linux-gnu/libc-2.23.so
7f0a92a8d000-7f0a92a91000 r--p 001bf000 08:08 1970677                    /lib/x86_64-linux-gnu/libc-2.23.so
7f0a92a91000-7f0a92a93000 rw-p 001c3000 08:08 1970677                    /lib/x86_64-linux-gnu/libc-2.23.so
7f0a92a93000-7f0a92a97000 rw-p 00000000 00:00 0 
7f0a92a97000-7f0a92a9a000 r-xp 00000000 08:08 1970701                    /lib/x86_64-linux-gnu/libdl-2.23.so
7f0a92a9a000-7f0a92c99000 ---p 00003000 08:08 1970701                    /lib/x86_64-linux-gnu/libdl-2.23.so
7f0a92c99000-7f0a92c9a000 r--p 00002000 08:08 1970701                    /lib/x86_64-linux-gnu/libdl-2.23.so
7f0a92c9a000-7f0a92c9b000 rw-p 00003000 08:08 1970701                    /lib/x86_64-linux-gnu/libdl-2.23.so
7f0a92c9b000-7f0a92cb0000 r-xp 00000000 08:08 3153000                    /usr/lib/jvm/java-8-oracle/lib/amd64/jli/libjli.so
7f0a92cb0000-7f0a92eb0000 ---p 00015000 08:08 3153000                    /usr/lib/jvm/java-8-oracle/lib/amd64/jli/libjli.so
7f0a92eb0000-7f0a92eb1000 rw-p 00015000 08:08 3153000                    /usr/lib/jvm/java-8-oracle/lib/amd64/jli/libjli.so
7f0a92eb1000-7f0a92ec9000 r-xp 00000000 08:08 1970823                    /lib/x86_64-linux-gnu/libpthread-2.23.so
7f0a92ec9000-7f0a930c8000 ---p 00018000 08:08 1970823                    /lib/x86_64-linux-gnu/libpthread-2.23.so
7f0a930c8000-7f0a930c9000 r--p 00017000 08:08 1970823                    /lib/x86_64-linux-gnu/libpthread-2.23.so
7f0a930c9000-7f0a930ca000 rw-p 00018000 08:08 1970823                    /lib/x86_64-linux-gnu/libpthread-2.23.so
7f0a930ca000-7f0a930ce000 rw-p 00000000 00:00 0 
7f0a930ce000-7f0a930f4000 r-xp 00000000 08:08 1970649                    /lib/x86_64-linux-gnu/ld-2.23.so
7f0a930f9000-7f0a931d2000 rw-p 00000000 00:00 0 
7f0a931d2000-7f0a931d5000 ---p 00000000 00:00 0 
7f0a931d5000-7f0a932d7000 rw-p 00000000 00:00 0 
7f0a932d9000-7f0a932e7000 r--s 000e0000 08:08 1317066                    /home/shikher/android/android-sdk-linux/build-tools/24.0.1/lib/dx.jar
7f0a932e7000-7f0a932ef000 rw-s 00000000 08:08 2757877                    /tmp/hsperfdata_root/4501
7f0a932ef000-7f0a932f0000 rw-p 00000000 00:00 0 
7f0a932f0000-7f0a932f1000 ---p 00000000 00:00 0 
7f0a932f1000-7f0a932f3000 rw-p 00000000 00:00 0 
7f0a932f3000-7f0a932f4000 r--p 00025000 08:08 1970649                    /lib/x86_64-linux-gnu/ld-2.23.so
7f0a932f4000-7f0a932f5000 rw-p 00026000 08:08 1970649                    /lib/x86_64-linux-gnu/ld-2.23.so
7f0a932f5000-7f0a932f6000 rw-p 00000000 00:00 0 
7ffec4591000-7ffec45b2000 rw-p 00000000 00:00 0                          [stack]
7ffec45c2000-7ffec45c4000 r--p 00000000 00:00 0                          [vvar]
7ffec45c4000-7ffec45c6000 r-xp 00000000 00:00 0                          [vdso]
ffffffffff600000-ffffffffff601000 r-xp 00000000 00:00 0                  [vsyscall]

VM Arguments:
jvm_args: -Djava.awt.headless=true -Xmx1024M -Dfile.encoding=UTF-8 -Duser.country=IN -Duser.language=en -Duser.variant 
java_command: com.android.dx.command.Main --dex --num-threads=4 --multi-dex --main-dex-list /home/shikher/android/Projects/Old_delhi_as/app/build/intermediates/multi-dex/debug/maindexlist.txt --output /home/shikher/android/Projects/Old_delhi_as/app/build/intermediates/transforms/dex/debug/folders/1000/1f/main /home/shikher/android/Projects/Old_delhi_as/app/build/intermediates/transforms/jarMerging/debug/jars/1/1f/combined.jar
java_class_path (initial): /home/shikher/android/android-sdk-linux/build-tools/24.0.1/lib/dx.jar
Launcher Type: SUN_STANDARD

Environment Variables:
PATH=/usr/local/sbin:/usr/local/bin:/usr/sbin:/usr/bin:/sbin:/bin:/snap/bin
USERNAME=root
LD_LIBRARY_PATH=.:
SHELL=/bin/bash
DISPLAY=:0

Signal Handlers:
SIGSEGV: [libjvm.so+0xac4790], sa_mask[0]=11111111011111111101111111111110, sa_flags=SA_RESTART|SA_SIGINFO
SIGBUS: [libjvm.so+0xac4790], sa_mask[0]=11111111011111111101111111111110, sa_flags=SA_RESTART|SA_SIGINFO
SIGFPE: [libjvm.so+0x91f140], sa_mask[0]=11111111011111111101111111111110, sa_flags=SA_RESTART|SA_SIGINFO
SIGPIPE: [libjvm.so+0x91f140], sa_mask[0]=11111111011111111101111111111110, sa_flags=SA_RESTART|SA_SIGINFO
SIGXFSZ: [libjvm.so+0x91f140], sa_mask[0]=11111111011111111101111111111110, sa_flags=SA_RESTART|SA_SIGINFO
SIGILL: [libjvm.so+0x91f140], sa_mask[0]=11111111011111111101111111111110, sa_flags=SA_RESTART|SA_SIGINFO
SIGUSR1: SIG_DFL, sa_mask[0]=00000000000000000000000000000000, sa_flags=none
SIGUSR2: [libjvm.so+0x920770], sa_mask[0]=00100000000000000000000000000000, sa_flags=SA_RESTART|SA_SIGINFO
SIGHUP: [libjvm.so+0x921b70], sa_mask[0]=11111111011111111101111111111110, sa_flags=SA_RESTART|SA_SIGINFO
SIGINT: [libjvm.so+0x921b70], sa_mask[0]=11111111011111111101111111111110, sa_flags=SA_RESTART|SA_SIGINFO
SIGTERM: [libjvm.so+0x921b70], sa_mask[0]=11111111011111111101111111111110, sa_flags=SA_RESTART|SA_SIGINFO
SIGQUIT: [libjvm.so+0x921b70], sa_mask[0]=11111111011111111101111111111110, sa_flags=SA_RESTART|SA_SIGINFO


---------------  S Y S T E M  ---------------

OS:DISTRIB_ID=Ubuntu
DISTRIB_RELEASE=16.04
DISTRIB_CODENAME=xenial
DISTRIB_DESCRIPTION="Ubuntu 16.04.1 LTS"

uname:Linux 4.4.0-42-generic #62-Ubuntu SMP Fri Oct 7 23:11:45 UTC 2016 x86_64
libc:glibc 2.23 NPTL 2.23 
rlimit: STACK 8192k, CORE 0k, NPROC 14481, NOFILE 65536, AS infinity
load average:10.11 3.52 2.53

/proc/meminfo:
MemTotal:        3812888 kB
MemFree:          110900 kB
MemAvailable:      13988 kB
Buffers:             568 kB
Cached:           138548 kB
SwapCached:          784 kB
Active:          2739056 kB
Inactive:         780268 kB
Active(anon):    2736552 kB
Inactive(anon):   770952 kB
Active(file):       2504 kB
Inactive(file):     9316 kB
Unevictable:          32 kB
Mlocked:              32 kB
SwapTotal:        781308 kB
SwapFree:              4 kB
Dirty:               152 kB
Writeback:             0 kB
AnonPages:       3380428 kB
Mapped:            67564 kB
Shmem:            126400 kB
Slab:              74456 kB
SReclaimable:      38112 kB
SUnreclaim:        36344 kB
KernelStack:       10112 kB
PageTables:        38780 kB
NFS_Unstable:          0 kB
Bounce:                0 kB
WritebackTmp:          0 kB
CommitLimit:     2687752 kB
Committed_AS:    7381452 kB
VmallocTotal:   34359738367 kB
VmallocUsed:           0 kB
VmallocChunk:          0 kB
HardwareCorrupted:     0 kB
AnonHugePages:   1726464 kB
CmaTotal:              0 kB
CmaFree:               0 kB
HugePages_Total:       0
HugePages_Free:        0
HugePages_Rsvd:        0
HugePages_Surp:        0
Hugepagesize:       2048 kB
DirectMap4k:      113280 kB
DirectMap2M:     1748992 kB
DirectMap1G:     3145728 kB


CPU:total 4 (2 cores per cpu, 2 threads per core) family 6 model 69 stepping 1, cmov, cx8, fxsr, mmx, sse, sse2, sse3, ssse3, sse4.1, sse4.2, popcnt, avx, avx2, aes, clmul, erms, lzcnt, ht, tsc, tscinvbit, bmi1, bmi2

/proc/cpuinfo:
processor	: 0
vendor_id	: GenuineIntel
cpu family	: 6
model		: 69
model name	: Intel(R) Core(TM) i5-4200U CPU @ 1.60GHz
stepping	: 1
microcode	: 0x1d
cpu MHz		: 1469.753
cache size	: 3072 KB
physical id	: 0
siblings	: 4
core id		: 0
cpu cores	: 2
apicid		: 0
initial apicid	: 0
fpu		: yes
fpu_exception	: yes
cpuid level	: 13
wp		: yes
flags		: fpu vme de pse tsc msr pae mce cx8 apic sep mtrr pge mca cmov pat pse36 clflush dts acpi mmx fxsr sse sse2 ss ht tm pbe syscall nx pdpe1gb rdtscp lm constant_tsc arch_perfmon pebs bts rep_good nopl xtopology nonstop_tsc aperfmperf eagerfpu pni pclmulqdq dtes64 monitor ds_cpl vmx est tm2 ssse3 sdbg fma cx16 xtpr pdcm pcid sse4_1 sse4_2 movbe popcnt tsc_deadline_timer aes xsave avx f16c rdrand lahf_lm abm epb tpr_shadow vnmi flexpriority ept vpid fsgsbase tsc_adjust bmi1 avx2 smep bmi2 erms invpcid xsaveopt dtherm ida arat pln pts
bugs		:
bogomips	: 4589.21
clflush size	: 64
cache_alignment	: 64
address sizes	: 39 bits physical, 48 bits virtual
power management:

processor	: 1
vendor_id	: GenuineIntel
cpu family	: 6
model		: 69
model name	: Intel(R) Core(TM) i5-4200U CPU @ 1.60GHz
stepping	: 1
microcode	: 0x1d
cpu MHz		: 799.968
cache size	: 3072 KB
physical id	: 0
siblings	: 4
core id		: 0
cpu cores	: 2
apicid		: 1
initial apicid	: 1
fpu		: yes
fpu_exception	: yes
cpuid level	: 13
wp		: yes
flags		: fpu vme de pse tsc msr pae mce cx8 apic sep mtrr pge mca cmov pat pse36 clflush dts acpi mmx fxsr sse sse2 ss ht tm pbe syscall nx pdpe1gb rdtscp lm constant_tsc arch_perfmon pebs bts rep_good nopl xtopology nonstop_tsc aperfmperf eagerfpu pni pclmulqdq dtes64 monitor ds_cpl vmx est tm2 ssse3 sdbg fma cx16 xtpr pdcm pcid sse4_1 sse4_2 movbe popcnt tsc_deadline_timer aes xsave avx f16c rdrand lahf_lm abm epb tpr_shadow vnmi flexpriority ept vpid fsgsbase tsc_adjust bmi1 avx2 smep bmi2 erms invpcid xsaveopt dtherm ida arat pln pts
bugs		:
bogomips	: 4589.21
clflush size	: 64
cache_alignment	: 64
address sizes	: 39 bits physical, 48 bits virtual
power management:

processor	: 2
vendor_id	: GenuineIntel
cpu family	: 6
model		: 69
model name	: Intel(R) Core(TM) i5-4200U CPU @ 1.60GHz
stepping	: 1
microcode	: 0x1d
cpu MHz		: 1353.496
cache size	: 3072 KB
physical id	: 0
siblings	: 4
core id		: 1
cpu cores	: 2
apicid		: 2
initial apicid	: 2
fpu		: yes
fpu_exception	: yes
cpuid level	: 13
wp		: yes
flags		: fpu vme de pse tsc msr pae mce cx8 apic sep mtrr pge mca cmov pat pse36 clflush dts acpi mmx fxsr sse sse2 ss ht tm pbe syscall nx pdpe1gb rdtscp lm constant_tsc arch_perfmon pebs bts rep_good nopl xtopology nonstop_tsc aperfmperf eagerfpu pni pclmulqdq dtes64 monitor ds_cpl vmx est tm2 ssse3 sdbg fma cx16 xtpr pdcm pcid sse4_1 sse4_2 movbe popcnt tsc_deadline_timer aes xsave avx f16c rdrand lahf_lm abm epb tpr_shadow vnmi flexpriority ept vpid fsgsbase tsc_adjust bmi1 avx2 smep bmi2 erms invpcid xsaveopt dtherm ida arat pln pts
bugs		:
bogomips	: 4589.21
clflush size	: 64
cache_alignment	: 64
address sizes	: 39 bits physical, 48 bits virtual
power management:

processor	: 3
vendor_id	: GenuineIntel
cpu family	: 6
model		: 69
model name	: Intel(R) Core(TM) i5-4200U CPU @ 1.60GHz
stepping	: 1
microcode	: 0x1d
cpu MHz		: 1322.949
cache size	: 3072 KB
physical id	: 0
siblings	: 4
core id		: 1
cpu cores	: 2
apicid		: 3
initial apicid	: 3
fpu		: yes
fpu_exception	: yes
cpuid level	: 13
wp		: yes
flags		: fpu vme de pse tsc msr pae mce cx8 apic sep mtrr pge mca cmov pat pse36 clflush dts acpi mmx fxsr sse sse2 ss ht tm pbe syscall nx pdpe1gb rdtscp lm constant_tsc arch_perfmon pebs bts rep_good nopl xtopology nonstop_tsc aperfmperf eagerfpu pni pclmulqdq dtes64 monitor ds_cpl vmx est tm2 ssse3 sdbg fma cx16 xtpr pdcm pcid sse4_1 sse4_2 movbe popcnt tsc_deadline_timer aes xsave avx f16c rdrand lahf_lm abm epb tpr_shadow vnmi flexpriority ept vpid fsgsbase tsc_adjust bmi1 avx2 smep bmi2 erms invpcid xsaveopt dtherm ida arat pln pts
bugs		:
bogomips	: 4589.21
clflush size	: 64
cache_alignment	: 64
address sizes	: 39 bits physical, 48 bits virtual
power management:



Memory: 4k page, physical 3812888k(110032k free), swap 781308k(4k free)

vm_info: Java HotSpot(TM) 64-Bit Server VM (25.101-b13) for linux-amd64 JRE (1.8.0_101-b13), built on Jun 22 2016 02:59:44 by "java_re" with gcc 4.3.0 20080428 (Red Hat 4.3.0-8)

time: Fri Oct 14 00:11:30 2016
elapsed time: 45 seconds (0d 0h 0m 45s)

